<?xml version="1.0" encoding="UTF-8"?>
<!-- Generated by org.testng.reporters.JUnitReportReporter -->
<testsuite skipped="0" hostname="LAPTOP-GBQP38G7" name="testNGpackages.Testngclass2" tests="2" failures="0" timestamp="29 Mar 2019 08:26:39 GMT" time="0.016" errors="0">
  <testcase name="tastcase03" time="0.006" classname="testNGpackages.Testngclass2"/>
  <testcase name="tastcase04" time="0.010" classname="testNGpackages.Testngclass2"/>
</testsuite> <!-- testNGpackages.Testngclass2 -->
