<?xml version="1.0" encoding="UTF-8"?>
<!-- Generated by org.testng.reporters.JUnitReportReporter -->
<testsuite skipped="0" hostname="LAPTOP-GBQP38G7" name="org.sspart.testNGpackage.TestNGclass" tests="3" failures="0" timestamp="28 Mar 2019 13:01:53 GMT" time="0.018" errors="0">
  <testcase name="tecstcase01" time="0.013" classname="org.sspart.testNGpackage.TestNGclass"/>
  <testcase name="testcase03" time="0.003" classname="org.sspart.testNGpackage.TestNGclass"/>
  <testcase name="testcase02" time="0.002" classname="org.sspart.testNGpackage.TestNGclass"/>
</testsuite> <!-- org.sspart.testNGpackage.TestNGclass -->
